<?xml version="1.0" encoding="UTF-8"?>
<testng-results ignored="0" total="16" passed="15" failed="1" skipped="0">
  <reporter-output>
  </reporter-output>
  <suite started-at="2023-10-04T09:53:14 IST" name="Suite" finished-at="2023-10-04T09:54:28 IST" duration-ms="74044">
    <groups>
    </groups>
    <test started-at="2023-10-04T09:53:14 IST" name="Test" finished-at="2023-10-04T09:54:28 IST" duration-ms="74044">
      <class name="PageRunner.LoginRunner">
        <test-method signature="loginPage()[pri:1, instance:PageRunner.LoginRunner@3ba987b8]" started-at="2023-10-04T09:54:12 IST" name="loginPage" finished-at="2023-10-04T09:54:15 IST" duration-ms="2447" status="PASS">
          <reporter-output>
          </reporter-output>
        </test-method> <!-- loginPage -->
        <test-method is-config="true" signature="screenShot(org.testng.ITestResult)[pri:0, instance:PageRunner.LoginRunner@3ba987b8]" started-at="2023-10-04T09:54:15 IST" name="screenShot" finished-at="2023-10-04T09:54:15 IST" duration-ms="9" status="PASS">
          <params>
            <param index="0">
              <value>
                <![CDATA[[TestResult name=loginPage status=SUCCESS method=LoginRunner.loginPage()[pri:1, instance:PageRunner.LoginRunner@3ba987b8] output={null}]]]>
              </value>
            </param>
          </params>
          <reporter-output>
          </reporter-output>
        </test-method> <!-- screenShot -->
        <test-method signature="validLoginDetailsInvalid()[pri:2, instance:PageRunner.LoginRunner@3ba987b8]" started-at="2023-10-04T09:54:15 IST" name="validLoginDetailsInvalid" finished-at="2023-10-04T09:54:25 IST" duration-ms="9846" status="PASS">
          <reporter-output>
          </reporter-output>
        </test-method> <!-- validLoginDetailsInvalid -->
        <test-method is-config="true" signature="screenShot(org.testng.ITestResult)[pri:0, instance:PageRunner.LoginRunner@3ba987b8]" started-at="2023-10-04T09:54:25 IST" name="screenShot" finished-at="2023-10-04T09:54:25 IST" duration-ms="0" status="PASS">
          <params>
            <param index="0">
              <value>
                <![CDATA[[TestResult name=validLoginDetailsInvalid status=SUCCESS method=LoginRunner.validLoginDetailsInvalid()[pri:2, instance:PageRunner.LoginRunner@3ba987b8] output={null}]]]>
              </value>
            </param>
          </params>
          <reporter-output>
          </reporter-output>
        </test-method> <!-- screenShot -->
        <test-method signature="validLoginDetails()[pri:3, instance:PageRunner.LoginRunner@3ba987b8]" started-at="2023-10-04T09:54:25 IST" name="validLoginDetails" finished-at="2023-10-04T09:54:26 IST" duration-ms="1097" status="FAIL">
          <exception class="org.openqa.selenium.ElementClickInterceptedException">
            <message>
              <![CDATA[element click intercepted: Element <div class="css-76zvg2 r-homxoj r-ubezar r-1ozqkpa" dir="auto" style="font-family: inherit;">...</div> is not clickable at point (1067, 266). Other element would receive the click: <div class="css-1dbjc4n r-1awozwy r-tn79kl r-1pi2tsx r-1777fci r-1d2f490 r-u8s1d r-ipm5af r-13qz1uu r-184en5c">...</div>
  (Session info: chrome=117.0.5938.132)
Build info: version: '4.13.0', revision: 'ba948ece5b*'
System info: os.name: 'Windows 10', os.arch: 'amd64', os.version: '10.0', java.version: '18.0.2.1'
Driver info: org.openqa.selenium.chrome.ChromeDriver
Command: [fbc944f6fc77df2e9a44aa357dae1371, clickElement {id=3A6052D6D55E3A4E2FB6BE0679AF2069_element_244}]
Capabilities {acceptInsecureCerts: false, browserName: chrome, browserVersion: 117.0.5938.132, chrome: {chromedriverVersion: 117.0.5938.92 (67649b10b92b..., userDataDir: C:\Users\Dell\AppData\Local...}, fedcm:accounts: true, goog:chromeOptions: {debuggerAddress: localhost:57191}, networkConnectionEnabled: false, pageLoadStrategy: normal, platformName: windows, proxy: Proxy(), se:cdp: ws://localhost:57191/devtoo..., se:cdpVersion: 117.0.5938.132, setWindowRect: true, strictFileInteractability: false, timeouts: {implicit: 0, pageLoad: 300000, script: 30000}, unhandledPromptBehavior: dismiss and notify, webauthn:extension:credBlob: true, webauthn:extension:largeBlob: true, webauthn:extension:minPinLength: true, webauthn:extension:prf: true, webauthn:virtualAuthenticators: true}
Element: [[ChromeDriver: chrome on windows (fbc944f6fc77df2e9a44aa357dae1371)] -> xpath: //div[@class='css-76zvg2 r-homxoj r-ubezar r-1ozqkpa'][normalize-space()='Mobile Number']]
Session ID: fbc944f6fc77df2e9a44aa357dae1371]]>
            </message>
            <full-stacktrace>
              <![CDATA[org.openqa.selenium.ElementClickInterceptedException: element click intercepted: Element <div class="css-76zvg2 r-homxoj r-ubezar r-1ozqkpa" dir="auto" style="font-family: inherit;">...</div> is not clickable at point (1067, 266). Other element would receive the click: <div class="css-1dbjc4n r-1awozwy r-tn79kl r-1pi2tsx r-1777fci r-1d2f490 r-u8s1d r-ipm5af r-13qz1uu r-184en5c">...</div>
  (Session info: chrome=117.0.5938.132)
Build info: version: '4.13.0', revision: 'ba948ece5b*'
System info: os.name: 'Windows 10', os.arch: 'amd64', os.version: '10.0', java.version: '18.0.2.1'
Driver info: org.openqa.selenium.chrome.ChromeDriver
Command: [fbc944f6fc77df2e9a44aa357dae1371, clickElement {id=3A6052D6D55E3A4E2FB6BE0679AF2069_element_244}]
Capabilities {acceptInsecureCerts: false, browserName: chrome, browserVersion: 117.0.5938.132, chrome: {chromedriverVersion: 117.0.5938.92 (67649b10b92b..., userDataDir: C:\Users\Dell\AppData\Local...}, fedcm:accounts: true, goog:chromeOptions: {debuggerAddress: localhost:57191}, networkConnectionEnabled: false, pageLoadStrategy: normal, platformName: windows, proxy: Proxy(), se:cdp: ws://localhost:57191/devtoo..., se:cdpVersion: 117.0.5938.132, setWindowRect: true, strictFileInteractability: false, timeouts: {implicit: 0, pageLoad: 300000, script: 30000}, unhandledPromptBehavior: dismiss and notify, webauthn:extension:credBlob: true, webauthn:extension:largeBlob: true, webauthn:extension:minPinLength: true, webauthn:extension:prf: true, webauthn:virtualAuthenticators: true}
Element: [[ChromeDriver: chrome on windows (fbc944f6fc77df2e9a44aa357dae1371)] -> xpath: //div[@class='css-76zvg2 r-homxoj r-ubezar r-1ozqkpa'][normalize-space()='Mobile Number']]
Session ID: fbc944f6fc77df2e9a44aa357dae1371
at java.base/jdk.internal.reflect.DirectConstructorHandleAccessor.newInstance(DirectConstructorHandleAccessor.java:67)
at java.base/java.lang.reflect.Constructor.newInstanceWithCaller(Constructor.java:499)
at java.base/java.lang.reflect.Constructor.newInstance(Constructor.java:483)
at org.openqa.selenium.remote.codec.w3c.W3CHttpResponseCodec.createException(W3CHttpResponseCodec.java:200)
at org.openqa.selenium.remote.codec.w3c.W3CHttpResponseCodec.decode(W3CHttpResponseCodec.java:133)
at org.openqa.selenium.remote.codec.w3c.W3CHttpResponseCodec.decode(W3CHttpResponseCodec.java:52)
at org.openqa.selenium.remote.HttpCommandExecutor.execute(HttpCommandExecutor.java:191)
at org.openqa.selenium.remote.service.DriverCommandExecutor.invokeExecute(DriverCommandExecutor.java:196)
at org.openqa.selenium.remote.service.DriverCommandExecutor.execute(DriverCommandExecutor.java:171)
at org.openqa.selenium.remote.RemoteWebDriver.execute(RemoteWebDriver.java:602)
at org.openqa.selenium.remote.RemoteWebElement.execute(RemoteWebElement.java:224)
at org.openqa.selenium.remote.RemoteWebElement.click(RemoteWebElement.java:77)
at Pages.Login.validLoginDetails(Login.java:34)
at PageRunner.LoginRunner.validLoginDetails(LoginRunner.java:29)
at java.base/jdk.internal.reflect.DirectMethodHandleAccessor.invoke(DirectMethodHandleAccessor.java:104)
at java.base/java.lang.reflect.Method.invoke(Method.java:577)
at org.testng.internal.invokers.MethodInvocationHelper.invokeMethod(MethodInvocationHelper.java:139)
at org.testng.internal.invokers.TestInvoker.invokeMethod(TestInvoker.java:664)
at org.testng.internal.invokers.TestInvoker.invokeTestMethod(TestInvoker.java:227)
at org.testng.internal.invokers.MethodRunner.runInSequence(MethodRunner.java:50)
at org.testng.internal.invokers.TestInvoker$MethodInvocationAgent.invoke(TestInvoker.java:957)
at org.testng.internal.invokers.TestInvoker.invokeTestMethods(TestInvoker.java:200)
at org.testng.internal.invokers.TestMethodWorker.invokeTestMethods(TestMethodWorker.java:148)
at org.testng.internal.invokers.TestMethodWorker.run(TestMethodWorker.java:128)
at java.base/java.util.ArrayList.forEach(ArrayList.java:1511)
at org.testng.TestRunner.privateRun(TestRunner.java:848)
at org.testng.TestRunner.run(TestRunner.java:621)
at org.testng.SuiteRunner.runTest(SuiteRunner.java:443)
at org.testng.SuiteRunner.runSequentially(SuiteRunner.java:437)
at org.testng.SuiteRunner.privateRun(SuiteRunner.java:397)
at org.testng.SuiteRunner.run(SuiteRunner.java:336)
at org.testng.SuiteRunnerWorker.runSuite(SuiteRunnerWorker.java:52)
at org.testng.SuiteRunnerWorker.run(SuiteRunnerWorker.java:95)
at org.testng.TestNG.runSuitesSequentially(TestNG.java:1280)
at org.testng.TestNG.runSuitesLocally(TestNG.java:1200)
at org.testng.TestNG.runSuites(TestNG.java:1114)
at org.testng.TestNG.run(TestNG.java:1082)
at org.testng.remote.AbstractRemoteTestNG.run(AbstractRemoteTestNG.java:115)
at org.testng.remote.RemoteTestNG.initAndRun(RemoteTestNG.java:251)
at org.testng.remote.RemoteTestNG.main(RemoteTestNG.java:77)
]]>
            </full-stacktrace>
          </exception> <!-- org.openqa.selenium.ElementClickInterceptedException -->
          <reporter-output>
          </reporter-output>
        </test-method> <!-- validLoginDetails -->
        <test-method is-config="true" signature="screenShot(org.testng.ITestResult)[pri:0, instance:PageRunner.LoginRunner@3ba987b8]" started-at="2023-10-04T09:54:26 IST" name="screenShot" finished-at="2023-10-04T09:54:28 IST" duration-ms="1897" status="PASS">
          <params>
            <param index="0">
              <value>
                <![CDATA[[TestResult name=validLoginDetails status=FAILURE method=LoginRunner.validLoginDetails()[pri:3, instance:PageRunner.LoginRunner@3ba987b8] output={null}]]]>
              </value>
            </param>
          </params>
          <reporter-output>
          </reporter-output>
        </test-method> <!-- screenShot -->
      </class> <!-- PageRunner.LoginRunner -->
      <class name="PageRunner.HomePageRunner">
        <test-method is-config="true" signature="setUp()[pri:0, instance:PageRunner.HomePageRunner@15043a2f]" started-at="2023-10-04T09:53:14 IST" name="setUp" finished-at="2023-10-04T09:53:17 IST" duration-ms="3514" status="PASS">
          <reporter-output>
          </reporter-output>
        </test-method> <!-- setUp -->
        <test-method signature="HomePageMenuLinks()[pri:1, instance:PageRunner.HomePageRunner@15043a2f]" started-at="2023-10-04T09:53:17 IST" name="HomePageMenuLinks" finished-at="2023-10-04T09:53:25 IST" duration-ms="7732" status="PASS">
          <reporter-output>
          </reporter-output>
        </test-method> <!-- HomePageMenuLinks -->
        <test-method is-config="true" signature="screenShot(org.testng.ITestResult)[pri:0, instance:PageRunner.HomePageRunner@15043a2f]" started-at="2023-10-04T09:53:25 IST" name="screenShot" finished-at="2023-10-04T09:53:25 IST" duration-ms="13" status="PASS">
          <params>
            <param index="0">
              <value>
                <![CDATA[[TestResult name=HomePageMenuLinks status=SUCCESS method=HomePageRunner.HomePageMenuLinks()[pri:1, instance:PageRunner.HomePageRunner@15043a2f] output={null}]]]>
              </value>
            </param>
          </params>
          <reporter-output>
          </reporter-output>
        </test-method> <!-- screenShot -->
        <test-method signature="SignupClick()[pri:2, instance:PageRunner.HomePageRunner@15043a2f]" started-at="2023-10-04T09:53:25 IST" name="SignupClick" finished-at="2023-10-04T09:53:26 IST" duration-ms="584" status="PASS">
          <reporter-output>
          </reporter-output>
        </test-method> <!-- SignupClick -->
        <test-method is-config="true" signature="screenShot(org.testng.ITestResult)[pri:0, instance:PageRunner.HomePageRunner@15043a2f]" started-at="2023-10-04T09:53:26 IST" name="screenShot" finished-at="2023-10-04T09:53:26 IST" duration-ms="7" status="PASS">
          <params>
            <param index="0">
              <value>
                <![CDATA[[TestResult name=SignupClick status=SUCCESS method=HomePageRunner.SignupClick()[pri:2, instance:PageRunner.HomePageRunner@15043a2f] output={null}]]]>
              </value>
            </param>
          </params>
          <reporter-output>
          </reporter-output>
        </test-method> <!-- screenShot -->
        <test-method signature="ChecksignupTitle()[pri:3, instance:PageRunner.HomePageRunner@15043a2f]" started-at="2023-10-04T09:53:26 IST" name="ChecksignupTitle" finished-at="2023-10-04T09:53:29 IST" duration-ms="3151" status="PASS">
          <reporter-output>
          </reporter-output>
        </test-method> <!-- ChecksignupTitle -->
        <test-method is-config="true" signature="screenShot(org.testng.ITestResult)[pri:0, instance:PageRunner.HomePageRunner@15043a2f]" started-at="2023-10-04T09:53:29 IST" name="screenShot" finished-at="2023-10-04T09:53:29 IST" duration-ms="0" status="PASS">
          <params>
            <param index="0">
              <value>
                <![CDATA[[TestResult name=ChecksignupTitle status=SUCCESS method=HomePageRunner.ChecksignupTitle()[pri:3, instance:PageRunner.HomePageRunner@15043a2f] output={null}]]]>
              </value>
            </param>
          </params>
          <reporter-output>
          </reporter-output>
        </test-method> <!-- screenShot -->
        <test-method signature="checkSignupDetails()[pri:4, instance:PageRunner.HomePageRunner@15043a2f]" started-at="2023-10-04T09:53:29 IST" name="checkSignupDetails" finished-at="2023-10-04T09:53:29 IST" duration-ms="66" status="PASS">
          <reporter-output>
          </reporter-output>
        </test-method> <!-- checkSignupDetails -->
        <test-method is-config="true" signature="screenShot(org.testng.ITestResult)[pri:0, instance:PageRunner.HomePageRunner@15043a2f]" started-at="2023-10-04T09:53:29 IST" name="screenShot" finished-at="2023-10-04T09:53:29 IST" duration-ms="2" status="PASS">
          <params>
            <param index="0">
              <value>
                <![CDATA[[TestResult name=checkSignupDetails status=SUCCESS method=HomePageRunner.checkSignupDetails()[pri:4, instance:PageRunner.HomePageRunner@15043a2f] output={null}]]]>
              </value>
            </param>
          </params>
          <reporter-output>
          </reporter-output>
        </test-method> <!-- screenShot -->
        <test-method is-config="true" signature="closeDriverObjects()[pri:0, instance:PageRunner.HomePageRunner@15043a2f]" started-at="2023-10-04T09:54:28 IST" name="closeDriverObjects" finished-at="2023-10-04T09:54:28 IST" duration-ms="1" status="PASS">
          <reporter-output>
          </reporter-output>
        </test-method> <!-- closeDriverObjects -->
      </class> <!-- PageRunner.HomePageRunner -->
      <class name="PageRunner.SignupRunner">
        <test-method signature="NameTitle()[pri:1, instance:PageRunner.SignupRunner@2d901eb0]" started-at="2023-10-04T09:53:29 IST" name="NameTitle" finished-at="2023-10-04T09:53:30 IST" duration-ms="749" status="PASS">
          <reporter-output>
          </reporter-output>
        </test-method> <!-- NameTitle -->
        <test-method is-config="true" signature="screenShot(org.testng.ITestResult)[pri:0, instance:PageRunner.SignupRunner@2d901eb0]" started-at="2023-10-04T09:53:30 IST" name="screenShot" finished-at="2023-10-04T09:53:30 IST" duration-ms="1" status="PASS">
          <params>
            <param index="0">
              <value>
                <![CDATA[[TestResult name=NameTitle status=SUCCESS method=SignupRunner.NameTitle()[pri:1, instance:PageRunner.SignupRunner@2d901eb0] output={null}]]]>
              </value>
            </param>
          </params>
          <reporter-output>
          </reporter-output>
        </test-method> <!-- screenShot -->
        <test-method signature="Firstname()[pri:2, instance:PageRunner.SignupRunner@2d901eb0]" started-at="2023-10-04T09:53:30 IST" name="Firstname" finished-at="2023-10-04T09:53:30 IST" duration-ms="632" status="PASS">
          <reporter-output>
          </reporter-output>
        </test-method> <!-- Firstname -->
        <test-method is-config="true" signature="screenShot(org.testng.ITestResult)[pri:0, instance:PageRunner.SignupRunner@2d901eb0]" started-at="2023-10-04T09:53:30 IST" name="screenShot" finished-at="2023-10-04T09:53:30 IST" duration-ms="1" status="PASS">
          <params>
            <param index="0">
              <value>
                <![CDATA[[TestResult name=Firstname status=SUCCESS method=SignupRunner.Firstname()[pri:2, instance:PageRunner.SignupRunner@2d901eb0] output={null}]]]>
              </value>
            </param>
          </params>
          <reporter-output>
          </reporter-output>
        </test-method> <!-- screenShot -->
        <test-method signature="lastname()[pri:3, instance:PageRunner.SignupRunner@2d901eb0]" started-at="2023-10-04T09:53:30 IST" name="lastname" finished-at="2023-10-04T09:53:31 IST" duration-ms="632" status="PASS">
          <reporter-output>
          </reporter-output>
        </test-method> <!-- lastname -->
        <test-method is-config="true" signature="screenShot(org.testng.ITestResult)[pri:0, instance:PageRunner.SignupRunner@2d901eb0]" started-at="2023-10-04T09:53:31 IST" name="screenShot" finished-at="2023-10-04T09:53:31 IST" duration-ms="1" status="PASS">
          <params>
            <param index="0">
              <value>
                <![CDATA[[TestResult name=lastname status=SUCCESS method=SignupRunner.lastname()[pri:3, instance:PageRunner.SignupRunner@2d901eb0] output={null}]]]>
              </value>
            </param>
          </params>
          <reporter-output>
          </reporter-output>
        </test-method> <!-- screenShot -->
        <test-method signature="doB()[pri:4, instance:PageRunner.SignupRunner@2d901eb0]" started-at="2023-10-04T09:53:31 IST" name="doB" finished-at="2023-10-04T09:53:34 IST" duration-ms="2612" status="PASS">
          <reporter-output>
          </reporter-output>
        </test-method> <!-- doB -->
        <test-method is-config="true" signature="screenShot(org.testng.ITestResult)[pri:0, instance:PageRunner.SignupRunner@2d901eb0]" started-at="2023-10-04T09:53:34 IST" name="screenShot" finished-at="2023-10-04T09:53:34 IST" duration-ms="0" status="PASS">
          <params>
            <param index="0">
              <value>
                <![CDATA[[TestResult name=doB status=SUCCESS method=SignupRunner.doB()[pri:4, instance:PageRunner.SignupRunner@2d901eb0] output={null}]]]>
              </value>
            </param>
          </params>
          <reporter-output>
          </reporter-output>
        </test-method> <!-- screenShot -->
        <test-method signature="Mobilenumber()[pri:5, instance:PageRunner.SignupRunner@2d901eb0]" started-at="2023-10-04T09:53:34 IST" name="Mobilenumber" finished-at="2023-10-04T09:53:35 IST" duration-ms="1332" status="PASS">
          <reporter-output>
          </reporter-output>
        </test-method> <!-- Mobilenumber -->
        <test-method is-config="true" signature="screenShot(org.testng.ITestResult)[pri:0, instance:PageRunner.SignupRunner@2d901eb0]" started-at="2023-10-04T09:53:35 IST" name="screenShot" finished-at="2023-10-04T09:53:35 IST" duration-ms="1" status="PASS">
          <params>
            <param index="0">
              <value>
                <![CDATA[[TestResult name=Mobilenumber status=SUCCESS method=SignupRunner.Mobilenumber()[pri:5, instance:PageRunner.SignupRunner@2d901eb0] output={null}]]]>
              </value>
            </param>
          </params>
          <reporter-output>
          </reporter-output>
        </test-method> <!-- screenShot -->
        <test-method signature="email()[pri:6, instance:PageRunner.SignupRunner@2d901eb0]" started-at="2023-10-04T09:53:35 IST" name="email" finished-at="2023-10-04T09:53:41 IST" duration-ms="5682" status="PASS">
          <reporter-output>
          </reporter-output>
        </test-method> <!-- email -->
        <test-method is-config="true" signature="screenShot(org.testng.ITestResult)[pri:0, instance:PageRunner.SignupRunner@2d901eb0]" started-at="2023-10-04T09:53:41 IST" name="screenShot" finished-at="2023-10-04T09:53:41 IST" duration-ms="0" status="PASS">
          <params>
            <param index="0">
              <value>
                <![CDATA[[TestResult name=email status=SUCCESS method=SignupRunner.email()[pri:6, instance:PageRunner.SignupRunner@2d901eb0] output={null}]]]>
              </value>
            </param>
          </params>
          <reporter-output>
          </reporter-output>
        </test-method> <!-- screenShot -->
        <test-method signature="Passwords()[pri:7, instance:PageRunner.SignupRunner@2d901eb0]" started-at="2023-10-04T09:53:41 IST" name="Passwords" finished-at="2023-10-04T09:53:42 IST" duration-ms="980" status="PASS">
          <reporter-output>
          </reporter-output>
        </test-method> <!-- Passwords -->
        <test-method is-config="true" signature="screenShot(org.testng.ITestResult)[pri:0, instance:PageRunner.SignupRunner@2d901eb0]" started-at="2023-10-04T09:53:42 IST" name="screenShot" finished-at="2023-10-04T09:53:42 IST" duration-ms="0" status="PASS">
          <params>
            <param index="0">
              <value>
                <![CDATA[[TestResult name=Passwords status=SUCCESS method=SignupRunner.Passwords()[pri:7, instance:PageRunner.SignupRunner@2d901eb0] output={null}]]]>
              </value>
            </param>
          </params>
          <reporter-output>
          </reporter-output>
        </test-method> <!-- screenShot -->
        <test-method signature="SubmittheSignup()[pri:8, instance:PageRunner.SignupRunner@2d901eb0]" started-at="2023-10-04T09:53:42 IST" name="SubmittheSignup" finished-at="2023-10-04T09:54:12 IST" duration-ms="30529" status="PASS">
          <reporter-output>
          </reporter-output>
        </test-method> <!-- SubmittheSignup -->
        <test-method is-config="true" signature="screenShot(org.testng.ITestResult)[pri:0, instance:PageRunner.SignupRunner@2d901eb0]" started-at="2023-10-04T09:54:12 IST" name="screenShot" finished-at="2023-10-04T09:54:12 IST" duration-ms="0" status="PASS">
          <params>
            <param index="0">
              <value>
                <![CDATA[[TestResult name=SubmittheSignup status=SUCCESS method=SignupRunner.SubmittheSignup()[pri:8, instance:PageRunner.SignupRunner@2d901eb0] output={null}]]]>
              </value>
            </param>
          </params>
          <reporter-output>
          </reporter-output>
        </test-method> <!-- screenShot -->
        <test-method signature="closewindow()[pri:9, instance:PageRunner.SignupRunner@2d901eb0]" started-at="2023-10-04T09:54:12 IST" name="closewindow" finished-at="2023-10-04T09:54:12 IST" duration-ms="334" status="PASS">
          <reporter-output>
          </reporter-output>
        </test-method> <!-- closewindow -->
        <test-method is-config="true" signature="screenShot(org.testng.ITestResult)[pri:0, instance:PageRunner.SignupRunner@2d901eb0]" started-at="2023-10-04T09:54:12 IST" name="screenShot" finished-at="2023-10-04T09:54:12 IST" duration-ms="1" status="PASS">
          <params>
            <param index="0">
              <value>
                <![CDATA[[TestResult name=closewindow status=SUCCESS method=SignupRunner.closewindow()[pri:9, instance:PageRunner.SignupRunner@2d901eb0] output={null}]]]>
              </value>
            </param>
          </params>
          <reporter-output>
          </reporter-output>
        </test-method> <!-- screenShot -->
      </class> <!-- PageRunner.SignupRunner -->
    </test> <!-- Test -->
  </suite> <!-- Suite -->
</testng-results>
