<?xml version="1.0" encoding="UTF-8"?>
<!-- Generated by org.testng.reporters.JUnitXMLReporter -->
<testsuite ignored="4" hostname="NITHIYAPRASAD" failures="1" tests="16" name="Test" time="74.044" errors="0" timestamp="2023-10-04T09:54:28 IST">
  <testcase classname="PageRunner.HomePageRunner" name="HomePageMenuLinks" time="7.732"/>
  <testcase classname="PageRunner.HomePageRunner" name="SignupClick" time="0.584"/>
  <testcase classname="PageRunner.HomePageRunner" name="ChecksignupTitle" time="3.151"/>
  <testcase classname="PageRunner.HomePageRunner" name="checkSignupDetails" time="0.066"/>
  <testcase classname="PageRunner.SignupRunner" name="NameTitle" time="0.749"/>
  <testcase classname="PageRunner.SignupRunner" name="Firstname" time="0.632"/>
  <testcase classname="PageRunner.SignupRunner" name="lastname" time="0.632"/>
  <testcase classname="PageRunner.SignupRunner" name="doB" time="2.612"/>
  <testcase classname="PageRunner.SignupRunner" name="Mobilenumber" time="1.332"/>
  <testcase classname="PageRunner.SignupRunner" name="email" time="5.682"/>
  <testcase classname="PageRunner.SignupRunner" name="Passwords" time="0.98"/>
  <testcase classname="PageRunner.SignupRunner" name="SubmittheSignup" time="30.529"/>
  <testcase classname="PageRunner.SignupRunner" name="closewindow" time="0.334"/>
  <testcase classname="PageRunner.LoginRunner" name="loginPage" time="2.447"/>
  <testcase classname="PageRunner.LoginRunner" name="validLoginDetailsInvalid" time="9.846"/>
  <testcase classname="PageRunner.LoginRunner" name="validLoginDetails" time="1.097">
    <failure type="org.openqa.selenium.ElementClickInterceptedException" message="element click intercepted: Element &amp;lt;div class=&amp;quot;css-76zvg2 r-homxoj r-ubezar r-1ozqkpa&amp;quot; dir=&amp;quot;auto&amp;quot; style=&amp;quot;font-family: inherit;&amp;quot;&amp;gt;...&amp;lt;/div&amp;gt; is not clickable at point (1067, 266). Other element would receive the click: &amp;lt;div class=&amp;quot;css-1dbjc4n r-1awozwy r-tn79kl r-1pi2tsx r-1777fci r-1d2f490 r-u8s1d r-ipm5af r-13qz1uu r-184en5c&amp;quot;&amp;gt;...&amp;lt;/div&amp;gt;
  (Session info: chrome=117.0.5938.132)
Build info: version: &amp;apos;4.13.0&amp;apos;, revision: &amp;apos;ba948ece5b*&amp;apos;
System info: os.name: &amp;apos;Windows 10&amp;apos;, os.arch: &amp;apos;amd64&amp;apos;, os.version: &amp;apos;10.0&amp;apos;, java.version: &amp;apos;18.0.2.1&amp;apos;
Driver info: org.openqa.selenium.chrome.ChromeDriver
Command: [fbc944f6fc77df2e9a44aa357dae1371, clickElement {id=3A6052D6D55E3A4E2FB6BE0679AF2069_element_244}]
Capabilities {acceptInsecureCerts: false, browserName: chrome, browserVersion: 117.0.5938.132, chrome: {chromedriverVersion: 117.0.5938.92 (67649b10b92b..., userDataDir: C:\Users\Dell\AppData\Local...}, fedcm:accounts: true, goog:chromeOptions: {debuggerAddress: localhost:57191}, networkConnectionEnabled: false, pageLoadStrategy: normal, platformName: windows, proxy: Proxy(), se:cdp: ws://localhost:57191/devtoo..., se:cdpVersion: 117.0.5938.132, setWindowRect: true, strictFileInteractability: false, timeouts: {implicit: 0, pageLoad: 300000, script: 30000}, unhandledPromptBehavior: dismiss and notify, webauthn:extension:credBlob: true, webauthn:extension:largeBlob: true, webauthn:extension:minPinLength: true, webauthn:extension:prf: true, webauthn:virtualAuthenticators: true}
Element: [[ChromeDriver: chrome on windows (fbc944f6fc77df2e9a44aa357dae1371)] -&amp;gt; xpath: //div[@class=&amp;apos;css-76zvg2 r-homxoj r-ubezar r-1ozqkpa&amp;apos;][normalize-space()=&amp;apos;Mobile Number&amp;apos;]]
Session ID: fbc944f6fc77df2e9a44aa357dae1371">
      <![CDATA[org.openqa.selenium.ElementClickInterceptedException: element click intercepted: Element <div class="css-76zvg2 r-homxoj r-ubezar r-1ozqkpa" dir="auto" style="font-family: inherit;">...</div> is not clickable at point (1067, 266). Other element would receive the click: <div class="css-1dbjc4n r-1awozwy r-tn79kl r-1pi2tsx r-1777fci r-1d2f490 r-u8s1d r-ipm5af r-13qz1uu r-184en5c">...</div>
  (Session info: chrome=117.0.5938.132)
Build info: version: '4.13.0', revision: 'ba948ece5b*'
System info: os.name: 'Windows 10', os.arch: 'amd64', os.version: '10.0', java.version: '18.0.2.1'
Driver info: org.openqa.selenium.chrome.ChromeDriver
Command: [fbc944f6fc77df2e9a44aa357dae1371, clickElement {id=3A6052D6D55E3A4E2FB6BE0679AF2069_element_244}]
Capabilities {acceptInsecureCerts: false, browserName: chrome, browserVersion: 117.0.5938.132, chrome: {chromedriverVersion: 117.0.5938.92 (67649b10b92b..., userDataDir: C:\Users\Dell\AppData\Local...}, fedcm:accounts: true, goog:chromeOptions: {debuggerAddress: localhost:57191}, networkConnectionEnabled: false, pageLoadStrategy: normal, platformName: windows, proxy: Proxy(), se:cdp: ws://localhost:57191/devtoo..., se:cdpVersion: 117.0.5938.132, setWindowRect: true, strictFileInteractability: false, timeouts: {implicit: 0, pageLoad: 300000, script: 30000}, unhandledPromptBehavior: dismiss and notify, webauthn:extension:credBlob: true, webauthn:extension:largeBlob: true, webauthn:extension:minPinLength: true, webauthn:extension:prf: true, webauthn:virtualAuthenticators: true}
Element: [[ChromeDriver: chrome on windows (fbc944f6fc77df2e9a44aa357dae1371)] -> xpath: //div[@class='css-76zvg2 r-homxoj r-ubezar r-1ozqkpa'][normalize-space()='Mobile Number']]
Session ID: fbc944f6fc77df2e9a44aa357dae1371
at org.openqa.selenium.remote.codec.w3c.W3CHttpResponseCodec.createException(W3CHttpResponseCodec.java:200)
at org.openqa.selenium.remote.codec.w3c.W3CHttpResponseCodec.decode(W3CHttpResponseCodec.java:133)
at org.openqa.selenium.remote.codec.w3c.W3CHttpResponseCodec.decode(W3CHttpResponseCodec.java:52)
at org.openqa.selenium.remote.HttpCommandExecutor.execute(HttpCommandExecutor.java:191)
at org.openqa.selenium.remote.service.DriverCommandExecutor.invokeExecute(DriverCommandExecutor.java:196)
at org.openqa.selenium.remote.service.DriverCommandExecutor.execute(DriverCommandExecutor.java:171)
at org.openqa.selenium.remote.RemoteWebDriver.execute(RemoteWebDriver.java:602)
at org.openqa.selenium.remote.RemoteWebElement.execute(RemoteWebElement.java:224)
at org.openqa.selenium.remote.RemoteWebElement.click(RemoteWebElement.java:77)
at Pages.Login.validLoginDetails(Login.java:34)
at PageRunner.LoginRunner.validLoginDetails(LoginRunner.java:29)
at java.base/java.util.ArrayList.forEach(ArrayList.java:1511)
... Removed 28 stack frames]]>
    </failure>
  </testcase> <!-- validLoginDetails -->
  <testcase classname="DriverSetup.BrowserSetup" name="@AfterSuite closeDriverObjects" time="0.0">
    <ignored/>
  </testcase> <!-- @AfterSuite closeDriverObjects -->
  <testcase classname="DriverSetup.BrowserSetup" name="@AfterSuite closeDriverObjects" time="0.0">
    <ignored/>
  </testcase> <!-- @AfterSuite closeDriverObjects -->
  <testcase classname="DriverSetup.BrowserSetup" name="@BeforeTest setUp" time="0.0">
    <ignored/>
  </testcase> <!-- @BeforeTest setUp -->
  <testcase classname="DriverSetup.BrowserSetup" name="@BeforeTest setUp" time="0.0">
    <ignored/>
  </testcase> <!-- @BeforeTest setUp -->
</testsuite> <!-- Test -->
